<?xml version="1.0" encoding="UTF-8"?><testsuite errors="0" failures="1" name="Reservar vuelo en la plataforma web https://www.travelocity.com/" skipped="0" tests="1" time="106.42" timestamp="2020-11-17 03:42:33"><testcase name="Realizar el ingreso como usuario registrado a la plataforma web https"><failure message="&#10;Expected: an element that is present&#10;     but: no matching element found by id: app was not present" type="java.lang.AssertionError">
Expected: an element that is present
     but: no matching element found by id: app was not present</failure><system-err>
Expected: an element that is present
     but: no matching element found by id: app was not present&#13;
stepdefinitions.CasosDevcoSteps.inicioSesion(CasosDevcoSteps.java:147)&#13;
✽.inicio sesion(src/test/resources/feactures/CasosDevco.feature:54)&#13;
</system-err></testcase></testsuite>