<?xml version="1.0" encoding="UTF-8"?><testsuite errors="0" failures="2" name="Realizar la busqueda de un vuelo en la plataforma web https://www.travelocity.com/" skipped="0" tests="5" time="440.47" timestamp="2020-11-17 03:57:09"><testcase name="Realizar una busqueda de vuelo en la plataforma web https"/><testcase name="Realizar una busqueda de hotel en la plataforma web https"/><testcase name="Realizar una busqueda de un auto en la plataforma web https"><failure message="&#10;Expected: an element that is present&#10;     but: no matching element found by id: app was not present" type="java.lang.AssertionError">
Expected: an element that is present
     but: no matching element found by id: app was not present</failure><system-err>
Expected: an element that is present
     but: no matching element found by id: app was not present&#13;
stepdefinitions.CasosDevcoSteps.realizoLaBusquedaDeUnAuto(CasosDevcoSteps.java:101)&#13;
✽.realizo la busqueda de un auto(src/test/resources/feactures/CasosDevco.feature:38)&#13;
</system-err></testcase><testcase name="Realizar una busqueda de una actividad en la plataforma web https"/><testcase name="Realizar el ingreso como usuario registrado a la plataforma web https"><failure message="&#10;Expected: an element that is present&#10;     but: no matching element found by id: app was not present" type="java.lang.AssertionError">
Expected: an element that is present
     but: no matching element found by id: app was not present</failure><system-err>
Expected: an element that is present
     but: no matching element found by id: app was not present&#13;
stepdefinitions.CasosDevcoSteps.inicioSesion(CasosDevcoSteps.java:147)&#13;
✽.inicio sesion(src/test/resources/feactures/CasosDevco.feature:61)&#13;
</system-err></testcase></testsuite>